<?xml version="1.0" encoding="UTF-8"?>
<testsuite xmlns:xsi="http://www.w3.org/2001/XMLSchema-instance" xsi:noNamespaceSchemaLocation="https://maven.apache.org/surefire/maven-surefire-plugin/xsd/surefire-test-report-3.0.xsd" version="3.0" name="com.function.FunctionTest" time="2.292" tests="1" errors="0" skipped="0" failures="0">
  <properties>
[...]
</properties>
  <testcase name="testHttpTriggerJava" classname="com.function.FunctionTest" time="2.266">
    <system-err><![CDATA[Feb 26, 2024 10:19:09 AM com.function.Function run
INFO: Java HTTP trigger processed a request.
]]></system-err>
  </testcase>
</testsuite>